F:\LIBRARY_PROJECT\CHANNELOVERLAP - 副本\CHANNELOVERLAPSIM\CHANNELOVERLAPSIM\DEBUG\CALCULATE.OBJ
F:\LIBRARY_PROJECT\CHANNELOVERLAP - 副本\CHANNELOVERLAPSIM\CHANNELOVERLAPSIM\DEBUG\COMMON.OBJ
F:\LIBRARY_PROJECT\CHANNELOVERLAP - 副本\CHANNELOVERLAPSIM\CHANNELOVERLAPSIM\DEBUG\EVENT.OBJ
F:\LIBRARY_PROJECT\CHANNELOVERLAP - 副本\CHANNELOVERLAPSIM\CHANNELOVERLAPSIM\DEBUG\MESH.OBJ
F:\LIBRARY_PROJECT\CHANNELOVERLAP - 副本\CHANNELOVERLAPSIM\CHANNELOVERLAPSIM\DEBUG\MESSAGE.OBJ
F:\LIBRARY_PROJECT\CHANNELOVERLAP - 副本\CHANNELOVERLAPSIM\CHANNELOVERLAPSIM\DEBUG\ROUTE.OBJ
F:\LIBRARY_PROJECT\CHANNELOVERLAP - 副本\CHANNELOVERLAPSIM\CHANNELOVERLAPSIM\DEBUG\XYROUTE.OBJ
F:\LIBRARY_PROJECT\CHANNELOVERLAP - 副本\CHANNELOVERLAPSIM\CHANNELOVERLAPSIM\DEBUG\VC110.PDB
F:\LIBRARY_PROJECT\CHANNELOVERLAP - 副本\CHANNELOVERLAPSIM\DEBUG\CHANNELOVERLAPSIM.ILK
F:\LIBRARY_PROJECT\CHANNELOVERLAP - 副本\CHANNELOVERLAPSIM\DEBUG\CHANNELOVERLAPSIM.EXE
F:\LIBRARY_PROJECT\CHANNELOVERLAP - 副本\CHANNELOVERLAPSIM\DEBUG\CHANNELOVERLAPSIM.PDB
F:\library_project\channeloverlap - 副本\channeloverlapSim\channeloverlapSim\Debug\Calculate.obj
F:\library_project\channeloverlap - 副本\channeloverlapSim\channeloverlapSim\Debug\common.obj
F:\library_project\channeloverlap - 副本\channeloverlapSim\channeloverlapSim\Debug\Event.obj
F:\library_project\channeloverlap - 副本\channeloverlapSim\channeloverlapSim\Debug\Mesh.obj
F:\library_project\channeloverlap - 副本\channeloverlapSim\channeloverlapSim\Debug\Message.obj
F:\library_project\channeloverlap - 副本\channeloverlapSim\channeloverlapSim\Debug\Route.obj
F:\library_project\channeloverlap - 副本\channeloverlapSim\channeloverlapSim\Debug\XYRoute.obj
F:\library_project\channeloverlap - 副本\channeloverlapSim\channeloverlapSim\Debug\cl.command.1.tlog
F:\library_project\channeloverlap - 副本\channeloverlapSim\channeloverlapSim\Debug\CL.read.1.tlog
F:\library_project\channeloverlap - 副本\channeloverlapSim\channeloverlapSim\Debug\CL.write.1.tlog
F:\library_project\channeloverlap - 副本\channeloverlapSim\channeloverlapSim\Debug\link-cvtres.read.1.tlog
F:\library_project\channeloverlap - 副本\channeloverlapSim\channeloverlapSim\Debug\link-cvtres.write.1.tlog
F:\library_project\channeloverlap - 副本\channeloverlapSim\channeloverlapSim\Debug\link-rc.read.1.tlog
F:\library_project\channeloverlap - 副本\channeloverlapSim\channeloverlapSim\Debug\link-rc.write.1.tlog
F:\library_project\channeloverlap - 副本\channeloverlapSim\channeloverlapSim\Debug\link.10436-cvtres.read.1.tlog
F:\library_project\channeloverlap - 副本\channeloverlapSim\channeloverlapSim\Debug\link.10436-cvtres.write.1.tlog
F:\library_project\channeloverlap - 副本\channeloverlapSim\channeloverlapSim\Debug\link.10436-rc.read.1.tlog
F:\library_project\channeloverlap - 副本\channeloverlapSim\channeloverlapSim\Debug\link.10436-rc.write.1.tlog
F:\library_project\channeloverlap - 副本\channeloverlapSim\channeloverlapSim\Debug\link.10436.read.1.tlog
F:\library_project\channeloverlap - 副本\channeloverlapSim\channeloverlapSim\Debug\link.10436.write.1.tlog
F:\library_project\channeloverlap - 副本\channeloverlapSim\channeloverlapSim\Debug\link.command.1.tlog
F:\library_project\channeloverlap - 副本\channeloverlapSim\channeloverlapSim\Debug\link.read.1.tlog
F:\library_project\channeloverlap - 副本\channeloverlapSim\channeloverlapSim\Debug\link.write.1.tlog
F:\library_project\channeloverlap - 副本\channeloverlapSim\channeloverlapSim\Debug\vc110.idb
F:\library_project\channeloverlap - 副本\channeloverlapSim\channeloverlapSim\Debug\vc110.pdb
F:\library_project\channeloverlap - 副本\channeloverlapSim\Debug\channeloverlapSim.pdb
F:\library_project\channeloverlap - 副本\channeloverlapSim\Debug\channeloverlapSim.exe
F:\library_project\channeloverlap - 副本\channeloverlapSim\Debug\channeloverlapSim.ilk
