E:\PROGRAM\ROUTEPROGRAM\CHANNELOVERLAPSIM\CHANNELOVERLAPSIM\RELEASE\XYROUTE.OBJ
E:\PROGRAM\ROUTEPROGRAM\CHANNELOVERLAPSIM\CHANNELOVERLAPSIM\RELEASE\SPANINGTREE.OBJ
E:\PROGRAM\ROUTEPROGRAM\CHANNELOVERLAPSIM\CHANNELOVERLAPSIM\RELEASE\ROUTE.OBJ
E:\PROGRAM\ROUTEPROGRAM\CHANNELOVERLAPSIM\CHANNELOVERLAPSIM\RELEASE\MESSAGE.OBJ
E:\PROGRAM\ROUTEPROGRAM\CHANNELOVERLAPSIM\CHANNELOVERLAPSIM\RELEASE\MESH.OBJ
E:\PROGRAM\ROUTEPROGRAM\CHANNELOVERLAPSIM\CHANNELOVERLAPSIM\RELEASE\EVENT.OBJ
E:\PROGRAM\ROUTEPROGRAM\CHANNELOVERLAPSIM\CHANNELOVERLAPSIM\RELEASE\COMMON.OBJ
E:\PROGRAM\ROUTEPROGRAM\CHANNELOVERLAPSIM\CHANNELOVERLAPSIM\RELEASE\CALCULATE.OBJ
E:\PROGRAM\ROUTEPROGRAM\CHANNELOVERLAPSIM\CHANNELOVERLAPSIM\RELEASE\VC110.PDB
E:\PROGRAM\ROUTEPROGRAM\CHANNELOVERLAPSIM\RELEASE\CHANNELOVERLAPSIM.EXE
E:\PROGRAM\ROUTEPROGRAM\CHANNELOVERLAPSIM\RELEASE\CHANNELOVERLAPSIM.PDB
E:\program\Routeprogram\channeloverlapSim\channeloverlapSim\Release\Calculate.obj
E:\program\Routeprogram\channeloverlapSim\channeloverlapSim\Release\common.obj
E:\program\Routeprogram\channeloverlapSim\channeloverlapSim\Release\Event.obj
E:\program\Routeprogram\channeloverlapSim\channeloverlapSim\Release\Mesh.obj
E:\program\Routeprogram\channeloverlapSim\channeloverlapSim\Release\Message.obj
E:\program\Routeprogram\channeloverlapSim\channeloverlapSim\Release\Route.obj
E:\program\Routeprogram\channeloverlapSim\channeloverlapSim\Release\SpaningTree.obj
E:\program\Routeprogram\channeloverlapSim\channeloverlapSim\Release\XYRoute.obj
E:\program\Routeprogram\channeloverlapSim\channeloverlapSim\Release\cl.command.1.tlog
E:\program\Routeprogram\channeloverlapSim\channeloverlapSim\Release\CL.read.1.tlog
E:\program\Routeprogram\channeloverlapSim\channeloverlapSim\Release\CL.write.1.tlog
E:\program\Routeprogram\channeloverlapSim\channeloverlapSim\Release\link-cvtres.read.1.tlog
E:\program\Routeprogram\channeloverlapSim\channeloverlapSim\Release\link-cvtres.write.1.tlog
E:\program\Routeprogram\channeloverlapSim\channeloverlapSim\Release\link-rc.read.1.tlog
E:\program\Routeprogram\channeloverlapSim\channeloverlapSim\Release\link-rc.write.1.tlog
E:\program\Routeprogram\channeloverlapSim\channeloverlapSim\Release\link.command.1.tlog
E:\program\Routeprogram\channeloverlapSim\channeloverlapSim\Release\link.read.1.tlog
E:\program\Routeprogram\channeloverlapSim\channeloverlapSim\Release\link.write.1.tlog
E:\program\Routeprogram\channeloverlapSim\channeloverlapSim\Release\vc110.pdb
E:\program\Routeprogram\channeloverlapSim\Release\channeloverlapSim.pdb
E:\program\Routeprogram\channeloverlapSim\Release\channeloverlapSim.exe
